01-01.log
01-02.log
01-03.log
01-04.log
01-05.log
01-06.log
01-07.log
01-08.log
01-09.log
01-10.log
01-11.log
01-12.log
01-13.log
01-14.log
01-15.log
01-16.log
01-17.log
01-18.log
01-19.log
01-20.log
01-21.log
01-22.log
01-23.log
01-24.log
01-25.log
01-26.log
01-27.log
01-28.log
01-29.log
01-30.log
01-31.log
02-01.log
02-02.log
02-03.log
02-04.log
02-05.log
02-06.log
02-07.log
02-08.log
02-09.log
02-10.log
02-11.log
02-12.log
02-13.log
02-14.log
02-15.log
02-16.log
02-17.log
02-18.log
02-19.log
02-20.log
02-21.log
02-22.log
02-23.log
02-24.log
02-25.log
02-26.log
02-27.log
02-28.log
02-29.log
03-01.log
03-02.log
03-03.log
03-04.log
03-05.log
03-06.log
03-07.log
03-08.log
03-09.log
03-10.log
03-11.log
03-12.log
03-13.log
03-14.log
03-15.log
03-16.log
03-17.log
03-18.log
03-19.log
03-20.log
03-21.log
03-22.log
03-23.log
03-24.log
03-25.log
03-26.log
03-27.log
03-28.log
03-29.log
03-30.log
03-31.log
04-01.log
04-02.log
04-03.log
04-04.log
04-05.log
04-06.log
04-07.log
04-08.log
04-09.log
04-10.log
04-11.log
04-12.log
04-13.log
04-14.log
04-15.log
04-16.log
04-17.log
04-18.log
04-19.log
04-20.log
04-21.log
04-22.log
04-23.log
04-24.log
04-25.log
04-26.log
04-27.log
04-28.log
04-29.log
04-30.log
05-01.log
05-02.log
05-03.log
05-04.log
05-05.log
05-06.log
05-07.log
05-08.log
05-09.log
05-10.log
05-11.log
05-12.log
05-13.log
05-14.log
05-15.log
05-16.log
05-17.log
05-18.log
05-19.log
05-20.log
05-21.log
05-22.log
05-23.log
05-24.log
05-25.log
05-26.log
05-27.log
05-28.log
05-29.log
05-30.log
05-31.log
06-01.log
06-02.log
06-03.log
06-04.log
06-05.log
06-06.log
06-07.log
06-08.log
06-09.log
06-10.log
06-11.log
06-12.log
06-13.log
06-14.log
06-15.log
06-16.log
06-17.log
06-18.log
06-19.log
06-20.log
06-21.log
06-22.log
06-23.log
06-24.log
06-25.log
06-26.log
06-27.log
06-28.log
06-29.log
06-30.log
07-01.log
07-02.log
07-03.log
07-04.log
07-05.log
07-06.log
07-07.log
07-08.log
07-09.log
07-10.log
07-11.log
07-12.log
07-13.log
07-14.log
07-15.log
07-16.log
07-17.log
07-18.log
07-19.log
07-20.log
07-21.log
07-22.log
07-23.log
07-24.log
07-25.log
07-26.log
07-27.log
07-28.log
07-29.log
07-30.log
07-31.log
08-01.log
08-02.log
08-03.log
08-04.log
08-05.log
08-06.log
08-07.log
08-08.log
08-09.log
08-10.log
08-11.log
08-12.log
08-13.log
08-14.log
08-15.log
08-16.log
08-17.log
08-18.log
08-19.log
08-20.log
08-21.log
08-22.log
08-23.log
08-24.log
08-25.log
08-26.log
08-27.log
08-28.log
08-29.log
08-30.log
08-31.log
09-01.log
09-02.log
09-03.log
09-04.log
09-05.log
09-06.log
09-07.log
09-08.log
09-09.log
09-10.log
09-11.log
09-12.log
09-13.log
09-14.log
09-15.log
09-16.log
09-17.log
09-18.log
09-19.log
09-20.log
09-21.log
09-22.log
09-23.log
09-24.log
09-25.log
09-26.log
09-27.log
09-28.log
09-29.log
09-30.log
10-01.log
10-02.log
10-03.log
10-04.log
10-05.log
10-06.log
10-07.log
10-08.log
10-09.log
10-10.log
10-11.log
10-12.log
10-13.log
10-14.log
10-15.log
10-16.log
10-17.log
10-18.log
10-19.log
10-20.log
10-21.log
10-22.log
10-23.log
10-24.log
10-25.log
10-26.log
10-27.log
10-28.log
10-29.log
10-30.log
10-31.log
11-01.log
11-02.log
11-03.log
11-04.log
11-05.log
11-06.log
11-07.log
11-08.log
11-09.log
11-10.log
11-11.log
11-12.log
11-13.log
11-14.log
11-15.log
11-16.log
11-17.log
11-18.log
11-19.log
11-20.log
11-21.log
11-22.log
11-23.log
11-24.log
11-25.log
11-26.log
11-27.log
11-28.log
11-29.log
11-30.log
12-01.log
12-02.log
12-03.log
12-04.log
12-05.log
12-06.log
12-07.log
12-08.log
12-09.log
12-10.log
12-11.log
12-12.log
12-13.log
12-14.log
12-15.log
12-16.log
12-17.log
12-18.log
12-19.log
12-20.log
12-21.log
12-22.log
12-23.log
12-24.log
12-25.log
12-26.log
12-27.log
12-28.log
12-29.log
12-30.log
12-31.log
01-01-AnJian.log
01-02-AnJian.log
01-03-AnJian.log
01-04-AnJian.log
01-05-AnJian.log
01-06-AnJian.log
01-07-AnJian.log
01-08-AnJian.log
01-09-AnJian.log
01-10-AnJian.log
01-11-AnJian.log
01-12-AnJian.log
01-13-AnJian.log
01-14-AnJian.log
01-15-AnJian.log
01-16-AnJian.log
01-17-AnJian.log
01-18-AnJian.log
01-19-AnJian.log
01-20-AnJian.log
01-21-AnJian.log
01-22-AnJian.log
01-23-AnJian.log
01-24-AnJian.log
01-25-AnJian.log
01-26-AnJian.log
01-27-AnJian.log
01-28-AnJian.log
01-29-AnJian.log
01-30-AnJian.log
01-31-AnJian.log
02-01-AnJian.log
02-02-AnJian.log
02-03-AnJian.log
02-04-AnJian.log
02-05-AnJian.log
02-06-AnJian.log
02-07-AnJian.log
02-08-AnJian.log
02-09-AnJian.log
02-10-AnJian.log
02-11-AnJian.log
02-12-AnJian.log
02-13-AnJian.log
02-14-AnJian.log
02-15-AnJian.log
02-16-AnJian.log
02-17-AnJian.log
02-18-AnJian.log
02-19-AnJian.log
02-20-AnJian.log
02-21-AnJian.log
02-22-AnJian.log
02-23-AnJian.log
02-24-AnJian.log
02-25-AnJian.log
02-26-AnJian.log
02-27-AnJian.log
02-28-AnJian.log
02-29-AnJian.log
03-01-AnJian.log
03-02-AnJian.log
03-03-AnJian.log
03-04-AnJian.log
03-05-AnJian.log
03-06-AnJian.log
03-07-AnJian.log
03-08-AnJian.log
03-09-AnJian.log
03-10-AnJian.log
03-11-AnJian.log
03-12-AnJian.log
03-13-AnJian.log
03-14-AnJian.log
03-15-AnJian.log
03-16-AnJian.log
03-17-AnJian.log
03-18-AnJian.log
03-19-AnJian.log
03-20-AnJian.log
03-21-AnJian.log
03-22-AnJian.log
03-23-AnJian.log
03-24-AnJian.log
03-25-AnJian.log
03-26-AnJian.log
03-27-AnJian.log
03-28-AnJian.log
03-29-AnJian.log
03-30-AnJian.log
03-31-AnJian.log
04-01-AnJian.log
04-02-AnJian.log
04-03-AnJian.log
04-04-AnJian.log
04-05-AnJian.log
04-06-AnJian.log
04-07-AnJian.log
04-08-AnJian.log
04-09-AnJian.log
04-10-AnJian.log
04-11-AnJian.log
04-12-AnJian.log
04-13-AnJian.log
04-14-AnJian.log
04-15-AnJian.log
04-16-AnJian.log
04-17-AnJian.log
04-18-AnJian.log
04-19-AnJian.log
04-20-AnJian.log
04-21-AnJian.log
04-22-AnJian.log
04-23-AnJian.log
04-24-AnJian.log
04-25-AnJian.log
04-26-AnJian.log
04-27-AnJian.log
04-28-AnJian.log
04-29-AnJian.log
04-30-AnJian.log
05-01-AnJian.log
05-02-AnJian.log
05-03-AnJian.log
05-04-AnJian.log
05-05-AnJian.log
05-06-AnJian.log
05-07-AnJian.log
05-08-AnJian.log
05-09-AnJian.log
05-10-AnJian.log
05-11-AnJian.log
05-12-AnJian.log
05-13-AnJian.log
05-14-AnJian.log
05-15-AnJian.log
05-16-AnJian.log
05-17-AnJian.log
05-18-AnJian.log
05-19-AnJian.log
05-20-AnJian.log
05-21-AnJian.log
05-22-AnJian.log
05-23-AnJian.log
05-24-AnJian.log
05-25-AnJian.log
05-26-AnJian.log
05-27-AnJian.log
05-28-AnJian.log
05-29-AnJian.log
05-30-AnJian.log
05-31-AnJian.log
06-01-AnJian.log
06-02-AnJian.log
06-03-AnJian.log
06-04-AnJian.log
06-05-AnJian.log
06-06-AnJian.log
06-07-AnJian.log
06-08-AnJian.log
06-09-AnJian.log
06-10-AnJian.log
06-11-AnJian.log
06-12-AnJian.log
06-13-AnJian.log
06-14-AnJian.log
06-15-AnJian.log
06-16-AnJian.log
06-17-AnJian.log
06-18-AnJian.log
06-19-AnJian.log
06-20-AnJian.log
06-21-AnJian.log
06-22-AnJian.log
06-23-AnJian.log
06-24-AnJian.log
06-25-AnJian.log
06-26-AnJian.log
06-27-AnJian.log
06-28-AnJian.log
06-29-AnJian.log
06-30-AnJian.log
07-01-AnJian.log
07-02-AnJian.log
07-03-AnJian.log
07-04-AnJian.log
07-05-AnJian.log
07-06-AnJian.log
07-07-AnJian.log
07-08-AnJian.log
07-09-AnJian.log
07-10-AnJian.log
07-11-AnJian.log
07-12-AnJian.log
07-13-AnJian.log
07-14-AnJian.log
07-15-AnJian.log
07-16-AnJian.log
07-17-AnJian.log
07-18-AnJian.log
07-19-AnJian.log
07-20-AnJian.log
07-21-AnJian.log
07-22-AnJian.log
07-23-AnJian.log
07-24-AnJian.log
07-25-AnJian.log
07-26-AnJian.log
07-27-AnJian.log
07-28-AnJian.log
07-29-AnJian.log
07-30-AnJian.log
07-31-AnJian.log
08-01-AnJian.log
08-02-AnJian.log
08-03-AnJian.log
08-04-AnJian.log
08-05-AnJian.log
08-06-AnJian.log
08-07-AnJian.log
08-08-AnJian.log
08-09-AnJian.log
08-10-AnJian.log
08-11-AnJian.log
08-12-AnJian.log
08-13-AnJian.log
08-14-AnJian.log
08-15-AnJian.log
08-16-AnJian.log
08-17-AnJian.log
08-18-AnJian.log
08-19-AnJian.log
08-20-AnJian.log
08-21-AnJian.log
08-22-AnJian.log
08-23-AnJian.log
08-24-AnJian.log
08-25-AnJian.log
08-26-AnJian.log
08-27-AnJian.log
08-28-AnJian.log
08-29-AnJian.log
08-30-AnJian.log
08-31-AnJian.log
09-01-AnJian.log
09-02-AnJian.log
09-03-AnJian.log
09-04-AnJian.log
09-05-AnJian.log
09-06-AnJian.log
09-07-AnJian.log
09-08-AnJian.log
09-09-AnJian.log
09-10-AnJian.log
09-11-AnJian.log
09-12-AnJian.log
09-13-AnJian.log
09-14-AnJian.log
09-15-AnJian.log
09-16-AnJian.log
09-17-AnJian.log
09-18-AnJian.log
09-19-AnJian.log
09-20-AnJian.log
09-21-AnJian.log
09-22-AnJian.log
09-23-AnJian.log
09-24-AnJian.log
09-25-AnJian.log
09-26-AnJian.log
09-27-AnJian.log
09-28-AnJian.log
09-29-AnJian.log
09-30-AnJian.log
10-01-AnJian.log
10-02-AnJian.log
10-03-AnJian.log
10-04-AnJian.log
10-05-AnJian.log
10-06-AnJian.log
10-07-AnJian.log
10-08-AnJian.log
10-09-AnJian.log
10-10-AnJian.log
10-11-AnJian.log
10-12-AnJian.log
10-13-AnJian.log
10-14-AnJian.log
10-15-AnJian.log
10-16-AnJian.log
10-17-AnJian.log
10-18-AnJian.log
10-19-AnJian.log
10-20-AnJian.log
10-21-AnJian.log
10-22-AnJian.log
10-23-AnJian.log
10-24-AnJian.log
10-25-AnJian.log
10-26-AnJian.log
10-27-AnJian.log
10-28-AnJian.log
10-29-AnJian.log
10-30-AnJian.log
10-31-AnJian.log
11-01-AnJian.log
11-02-AnJian.log
11-03-AnJian.log
11-04-AnJian.log
11-05-AnJian.log
11-06-AnJian.log
11-07-AnJian.log
11-08-AnJian.log
11-09-AnJian.log
11-10-AnJian.log
11-11-AnJian.log
11-12-AnJian.log
11-13-AnJian.log
11-14-AnJian.log
11-15-AnJian.log
11-16-AnJian.log
11-17-AnJian.log
11-18-AnJian.log
11-19-AnJian.log
11-20-AnJian.log
11-21-AnJian.log
11-22-AnJian.log
11-23-AnJian.log
11-24-AnJian.log
11-25-AnJian.log
11-26-AnJian.log
11-27-AnJian.log
11-28-AnJian.log
11-29-AnJian.log
11-30-AnJian.log
12-01-AnJian.log
12-02-AnJian.log
12-03-AnJian.log
12-04-AnJian.log
12-05-AnJian.log
12-06-AnJian.log
12-07-AnJian.log
12-08-AnJian.log
12-09-AnJian.log
12-10-AnJian.log
12-11-AnJian.log
12-12-AnJian.log
12-13-AnJian.log
12-14-AnJian.log
12-15-AnJian.log
12-16-AnJian.log
12-17-AnJian.log
12-18-AnJian.log
12-19-AnJian.log
12-20-AnJian.log
12-21-AnJian.log
12-22-AnJian.log
12-23-AnJian.log
12-24-AnJian.log
12-25-AnJian.log
12-26-AnJian.log
12-27-AnJian.log
12-28-AnJian.log
12-29-AnJian.log
12-30-AnJian.log
12-31-AnJian.log
01-01-ChaWei.log
01-02-ChaWei.log
01-03-ChaWei.log
01-04-ChaWei.log
01-05-ChaWei.log
01-06-ChaWei.log
01-07-ChaWei.log
01-08-ChaWei.log
01-09-ChaWei.log
01-10-ChaWei.log
01-11-ChaWei.log
01-12-ChaWei.log
01-13-ChaWei.log
01-14-ChaWei.log
01-15-ChaWei.log
01-16-ChaWei.log
01-17-ChaWei.log
01-18-ChaWei.log
01-19-ChaWei.log
01-20-ChaWei.log
01-21-ChaWei.log
01-22-ChaWei.log
01-23-ChaWei.log
01-24-ChaWei.log
01-25-ChaWei.log
01-26-ChaWei.log
01-27-ChaWei.log
01-28-ChaWei.log
01-29-ChaWei.log
01-30-ChaWei.log
01-31-ChaWei.log
02-01-ChaWei.log
02-02-ChaWei.log
02-03-ChaWei.log
02-04-ChaWei.log
02-05-ChaWei.log
02-06-ChaWei.log
02-07-ChaWei.log
02-08-ChaWei.log
02-09-ChaWei.log
02-10-ChaWei.log
02-11-ChaWei.log
02-12-ChaWei.log
02-13-ChaWei.log
02-14-ChaWei.log
02-15-ChaWei.log
02-16-ChaWei.log
02-17-ChaWei.log
02-18-ChaWei.log
02-19-ChaWei.log
02-20-ChaWei.log
02-21-ChaWei.log
02-22-ChaWei.log
02-23-ChaWei.log
02-24-ChaWei.log
02-25-ChaWei.log
02-26-ChaWei.log
02-27-ChaWei.log
02-28-ChaWei.log
02-29-ChaWei.log
03-01-ChaWei.log
03-02-ChaWei.log
03-03-ChaWei.log
03-04-ChaWei.log
03-05-ChaWei.log
03-06-ChaWei.log
03-07-ChaWei.log
03-08-ChaWei.log
03-09-ChaWei.log
03-10-ChaWei.log
03-11-ChaWei.log
03-12-ChaWei.log
03-13-ChaWei.log
03-14-ChaWei.log
03-15-ChaWei.log
03-16-ChaWei.log
03-17-ChaWei.log
03-18-ChaWei.log
03-19-ChaWei.log
03-20-ChaWei.log
03-21-ChaWei.log
03-22-ChaWei.log
03-23-ChaWei.log
03-24-ChaWei.log
03-25-ChaWei.log
03-26-ChaWei.log
03-27-ChaWei.log
03-28-ChaWei.log
03-29-ChaWei.log
03-30-ChaWei.log
03-31-ChaWei.log
04-01-ChaWei.log
04-02-ChaWei.log
04-03-ChaWei.log
04-04-ChaWei.log
04-05-ChaWei.log
04-06-ChaWei.log
04-07-ChaWei.log
04-08-ChaWei.log
04-09-ChaWei.log
04-10-ChaWei.log
04-11-ChaWei.log
04-12-ChaWei.log
04-13-ChaWei.log
04-14-ChaWei.log
04-15-ChaWei.log
04-16-ChaWei.log
04-17-ChaWei.log
04-18-ChaWei.log
04-19-ChaWei.log
04-20-ChaWei.log
04-21-ChaWei.log
04-22-ChaWei.log
04-23-ChaWei.log
04-24-ChaWei.log
04-25-ChaWei.log
04-26-ChaWei.log
04-27-ChaWei.log
04-28-ChaWei.log
04-29-ChaWei.log
04-30-ChaWei.log
05-01-ChaWei.log
05-02-ChaWei.log
05-03-ChaWei.log
05-04-ChaWei.log
05-05-ChaWei.log
05-06-ChaWei.log
05-07-ChaWei.log
05-08-ChaWei.log
05-09-ChaWei.log
05-10-ChaWei.log
05-11-ChaWei.log
05-12-ChaWei.log
05-13-ChaWei.log
05-14-ChaWei.log
05-15-ChaWei.log
05-16-ChaWei.log
05-17-ChaWei.log
05-18-ChaWei.log
05-19-ChaWei.log
05-20-ChaWei.log
05-21-ChaWei.log
05-22-ChaWei.log
05-23-ChaWei.log
05-24-ChaWei.log
05-25-ChaWei.log
05-26-ChaWei.log
05-27-ChaWei.log
05-28-ChaWei.log
05-29-ChaWei.log
05-30-ChaWei.log
05-31-ChaWei.log
06-01-ChaWei.log
06-02-ChaWei.log
06-03-ChaWei.log
06-04-ChaWei.log
06-05-ChaWei.log
06-06-ChaWei.log
06-07-ChaWei.log
06-08-ChaWei.log
06-09-ChaWei.log
06-10-ChaWei.log
06-11-ChaWei.log
06-12-ChaWei.log
06-13-ChaWei.log
06-14-ChaWei.log
06-15-ChaWei.log
06-16-ChaWei.log
06-17-ChaWei.log
06-18-ChaWei.log
06-19-ChaWei.log
06-20-ChaWei.log
06-21-ChaWei.log
06-22-ChaWei.log
06-23-ChaWei.log
06-24-ChaWei.log
06-25-ChaWei.log
06-26-ChaWei.log
06-27-ChaWei.log
06-28-ChaWei.log
06-29-ChaWei.log
06-30-ChaWei.log
07-01-ChaWei.log
07-02-ChaWei.log
07-03-ChaWei.log
07-04-ChaWei.log
07-05-ChaWei.log
07-06-ChaWei.log
07-07-ChaWei.log
07-08-ChaWei.log
07-09-ChaWei.log
07-10-ChaWei.log
07-11-ChaWei.log
07-12-ChaWei.log
07-13-ChaWei.log
07-14-ChaWei.log
07-15-ChaWei.log
07-16-ChaWei.log
07-17-ChaWei.log
07-18-ChaWei.log
07-19-ChaWei.log
07-20-ChaWei.log
07-21-ChaWei.log
07-22-ChaWei.log
07-23-ChaWei.log
07-24-ChaWei.log
07-25-ChaWei.log
07-26-ChaWei.log
07-27-ChaWei.log
07-28-ChaWei.log
07-29-ChaWei.log
07-30-ChaWei.log
07-31-ChaWei.log
08-01-ChaWei.log
08-02-ChaWei.log
08-03-ChaWei.log
08-04-ChaWei.log
08-05-ChaWei.log
08-06-ChaWei.log
08-07-ChaWei.log
08-08-ChaWei.log
08-09-ChaWei.log
08-10-ChaWei.log
08-11-ChaWei.log
08-12-ChaWei.log
08-13-ChaWei.log
08-14-ChaWei.log
08-15-ChaWei.log
08-16-ChaWei.log
08-17-ChaWei.log
08-18-ChaWei.log
08-19-ChaWei.log
08-20-ChaWei.log
08-21-ChaWei.log
08-22-ChaWei.log
08-23-ChaWei.log
08-24-ChaWei.log
08-25-ChaWei.log
08-26-ChaWei.log
08-27-ChaWei.log
08-28-ChaWei.log
08-29-ChaWei.log
08-30-ChaWei.log
08-31-ChaWei.log
09-01-ChaWei.log
09-02-ChaWei.log
09-03-ChaWei.log
09-04-ChaWei.log
09-05-ChaWei.log
09-06-ChaWei.log
09-07-ChaWei.log
09-08-ChaWei.log
09-09-ChaWei.log
09-10-ChaWei.log
09-11-ChaWei.log
09-12-ChaWei.log
09-13-ChaWei.log
09-14-ChaWei.log
09-15-ChaWei.log
09-16-ChaWei.log
09-17-ChaWei.log
09-18-ChaWei.log
09-19-ChaWei.log
09-20-ChaWei.log
09-21-ChaWei.log
09-22-ChaWei.log
09-23-ChaWei.log
09-24-ChaWei.log
09-25-ChaWei.log
09-26-ChaWei.log
09-27-ChaWei.log
09-28-ChaWei.log
09-29-ChaWei.log
09-30-ChaWei.log
10-01-ChaWei.log
10-02-ChaWei.log
10-03-ChaWei.log
10-04-ChaWei.log
10-05-ChaWei.log
10-06-ChaWei.log
10-07-ChaWei.log
10-08-ChaWei.log
10-09-ChaWei.log
10-10-ChaWei.log
10-11-ChaWei.log
10-12-ChaWei.log
10-13-ChaWei.log
10-14-ChaWei.log
10-15-ChaWei.log
10-16-ChaWei.log
10-17-ChaWei.log
10-18-ChaWei.log
10-19-ChaWei.log
10-20-ChaWei.log
10-21-ChaWei.log
10-22-ChaWei.log
10-23-ChaWei.log
10-24-ChaWei.log
10-25-ChaWei.log
10-26-ChaWei.log
10-27-ChaWei.log
10-28-ChaWei.log
10-29-ChaWei.log
10-30-ChaWei.log
10-31-ChaWei.log
11-01-ChaWei.log
11-02-ChaWei.log
11-03-ChaWei.log
11-04-ChaWei.log
11-05-ChaWei.log
11-06-ChaWei.log
11-07-ChaWei.log
11-08-ChaWei.log
11-09-ChaWei.log
11-10-ChaWei.log
11-11-ChaWei.log
11-12-ChaWei.log
11-13-ChaWei.log
11-14-ChaWei.log
11-15-ChaWei.log
11-16-ChaWei.log
11-17-ChaWei.log
11-18-ChaWei.log
11-19-ChaWei.log
11-20-ChaWei.log
11-21-ChaWei.log
11-22-ChaWei.log
11-23-ChaWei.log
11-24-ChaWei.log
11-25-ChaWei.log
11-26-ChaWei.log
11-27-ChaWei.log
11-28-ChaWei.log
11-29-ChaWei.log
11-30-ChaWei.log
12-01-ChaWei.log
12-02-ChaWei.log
12-03-ChaWei.log
12-04-ChaWei.log
12-05-ChaWei.log
12-06-ChaWei.log
12-07-ChaWei.log
12-08-ChaWei.log
12-09-ChaWei.log
12-10-ChaWei.log
12-11-ChaWei.log
12-12-ChaWei.log
12-13-ChaWei.log
12-14-ChaWei.log
12-15-ChaWei.log
12-16-ChaWei.log
12-17-ChaWei.log
12-18-ChaWei.log
12-19-ChaWei.log
12-20-ChaWei.log
12-21-ChaWei.log
12-22-ChaWei.log
12-23-ChaWei.log
12-24-ChaWei.log
12-25-ChaWei.log
12-26-ChaWei.log
12-27-ChaWei.log
12-28-ChaWei.log
12-29-ChaWei.log
12-30-ChaWei.log
12-31-ChaWei.log
01-01-ChengGuan.log
01-02-ChengGuan.log
01-03-ChengGuan.log
01-04-ChengGuan.log
01-05-ChengGuan.log
01-06-ChengGuan.log
01-07-ChengGuan.log
01-08-ChengGuan.log
01-09-ChengGuan.log
01-10-ChengGuan.log
01-11-ChengGuan.log
01-12-ChengGuan.log
01-13-ChengGuan.log
01-14-ChengGuan.log
01-15-ChengGuan.log
01-16-ChengGuan.log
01-17-ChengGuan.log
01-18-ChengGuan.log
01-19-ChengGuan.log
01-20-ChengGuan.log
01-21-ChengGuan.log
01-22-ChengGuan.log
01-23-ChengGuan.log
01-24-ChengGuan.log
01-25-ChengGuan.log
01-26-ChengGuan.log
01-27-ChengGuan.log
01-28-ChengGuan.log
01-29-ChengGuan.log
01-30-ChengGuan.log
01-31-ChengGuan.log
02-01-ChengGuan.log
02-02-ChengGuan.log
02-03-ChengGuan.log
02-04-ChengGuan.log
02-05-ChengGuan.log
02-06-ChengGuan.log
02-07-ChengGuan.log
02-08-ChengGuan.log
02-09-ChengGuan.log
02-10-ChengGuan.log
02-11-ChengGuan.log
02-12-ChengGuan.log
02-13-ChengGuan.log
02-14-ChengGuan.log
02-15-ChengGuan.log
02-16-ChengGuan.log
02-17-ChengGuan.log
02-18-ChengGuan.log
02-19-ChengGuan.log
02-20-ChengGuan.log
02-21-ChengGuan.log
02-22-ChengGuan.log
02-23-ChengGuan.log
02-24-ChengGuan.log
02-25-ChengGuan.log
02-26-ChengGuan.log
02-27-ChengGuan.log
02-28-ChengGuan.log
02-29-ChengGuan.log
03-01-ChengGuan.log
03-02-ChengGuan.log
03-03-ChengGuan.log
03-04-ChengGuan.log
03-05-ChengGuan.log
03-06-ChengGuan.log
03-07-ChengGuan.log
03-08-ChengGuan.log
03-09-ChengGuan.log
03-10-ChengGuan.log
03-11-ChengGuan.log
03-12-ChengGuan.log
03-13-ChengGuan.log
03-14-ChengGuan.log
03-15-ChengGuan.log
03-16-ChengGuan.log
03-17-ChengGuan.log
03-18-ChengGuan.log
03-19-ChengGuan.log
03-20-ChengGuan.log
03-21-ChengGuan.log
03-22-ChengGuan.log
03-23-ChengGuan.log
03-24-ChengGuan.log
03-25-ChengGuan.log
03-26-ChengGuan.log
03-27-ChengGuan.log
03-28-ChengGuan.log
03-29-ChengGuan.log
03-30-ChengGuan.log
03-31-ChengGuan.log
04-01-ChengGuan.log
04-02-ChengGuan.log
04-03-ChengGuan.log
04-04-ChengGuan.log
04-05-ChengGuan.log
04-06-ChengGuan.log
04-07-ChengGuan.log
04-08-ChengGuan.log
04-09-ChengGuan.log
04-10-ChengGuan.log
04-11-ChengGuan.log
04-12-ChengGuan.log
04-13-ChengGuan.log
04-14-ChengGuan.log
04-15-ChengGuan.log
04-16-ChengGuan.log
04-17-ChengGuan.log
04-18-ChengGuan.log
04-19-ChengGuan.log
04-20-ChengGuan.log
04-21-ChengGuan.log
04-22-ChengGuan.log
04-23-ChengGuan.log
04-24-ChengGuan.log
04-25-ChengGuan.log
04-26-ChengGuan.log
04-27-ChengGuan.log
04-28-ChengGuan.log
04-29-ChengGuan.log
04-30-ChengGuan.log
05-01-ChengGuan.log
05-02-ChengGuan.log
05-03-ChengGuan.log
05-04-ChengGuan.log
05-05-ChengGuan.log
05-06-ChengGuan.log
05-07-ChengGuan.log
05-08-ChengGuan.log
05-09-ChengGuan.log
05-10-ChengGuan.log
05-11-ChengGuan.log
05-12-ChengGuan.log
05-13-ChengGuan.log
05-14-ChengGuan.log
05-15-ChengGuan.log
05-16-ChengGuan.log
05-17-ChengGuan.log
05-18-ChengGuan.log
05-19-ChengGuan.log
05-20-ChengGuan.log
05-21-ChengGuan.log
05-22-ChengGuan.log
05-23-ChengGuan.log
05-24-ChengGuan.log
05-25-ChengGuan.log
05-26-ChengGuan.log
05-27-ChengGuan.log
05-28-ChengGuan.log
05-29-ChengGuan.log
05-30-ChengGuan.log
05-31-ChengGuan.log
06-01-ChengGuan.log
06-02-ChengGuan.log
06-03-ChengGuan.log
06-04-ChengGuan.log
06-05-ChengGuan.log
06-06-ChengGuan.log
06-07-ChengGuan.log
06-08-ChengGuan.log
06-09-ChengGuan.log
06-10-ChengGuan.log
06-11-ChengGuan.log
06-12-ChengGuan.log
06-13-ChengGuan.log
06-14-ChengGuan.log
06-15-ChengGuan.log
06-16-ChengGuan.log
06-17-ChengGuan.log
06-18-ChengGuan.log
06-19-ChengGuan.log
06-20-ChengGuan.log
06-21-ChengGuan.log
06-22-ChengGuan.log
06-23-ChengGuan.log
06-24-ChengGuan.log
06-25-ChengGuan.log
06-26-ChengGuan.log
06-27-ChengGuan.log
06-28-ChengGuan.log
06-29-ChengGuan.log
06-30-ChengGuan.log
07-01-ChengGuan.log
07-02-ChengGuan.log
07-03-ChengGuan.log
07-04-ChengGuan.log
07-05-ChengGuan.log
07-06-ChengGuan.log
07-07-ChengGuan.log
07-08-ChengGuan.log
07-09-ChengGuan.log
07-10-ChengGuan.log
07-11-ChengGuan.log
07-12-ChengGuan.log
07-13-ChengGuan.log
07-14-ChengGuan.log
07-15-ChengGuan.log
07-16-ChengGuan.log
07-17-ChengGuan.log
07-18-ChengGuan.log
07-19-ChengGuan.log
07-20-ChengGuan.log
07-21-ChengGuan.log
07-22-ChengGuan.log
07-23-ChengGuan.log
07-24-ChengGuan.log
07-25-ChengGuan.log
07-26-ChengGuan.log
07-27-ChengGuan.log
07-28-ChengGuan.log
07-29-ChengGuan.log
07-30-ChengGuan.log
07-31-ChengGuan.log
08-01-ChengGuan.log
08-02-ChengGuan.log
08-03-ChengGuan.log
08-04-ChengGuan.log
08-05-ChengGuan.log
08-06-ChengGuan.log
08-07-ChengGuan.log
08-08-ChengGuan.log
08-09-ChengGuan.log
08-10-ChengGuan.log
08-11-ChengGuan.log
08-12-ChengGuan.log
08-13-ChengGuan.log
08-14-ChengGuan.log
08-15-ChengGuan.log
08-16-ChengGuan.log
08-17-ChengGuan.log
08-18-ChengGuan.log
08-19-ChengGuan.log
08-20-ChengGuan.log
08-21-ChengGuan.log
08-22-ChengGuan.log
08-23-ChengGuan.log
08-24-ChengGuan.log
08-25-ChengGuan.log
08-26-ChengGuan.log
08-27-ChengGuan.log
08-28-ChengGuan.log
08-29-ChengGuan.log
08-30-ChengGuan.log
08-31-ChengGuan.log
09-01-ChengGuan.log
09-02-ChengGuan.log
09-03-ChengGuan.log
09-04-ChengGuan.log
09-05-ChengGuan.log
09-06-ChengGuan.log
09-07-ChengGuan.log
09-08-ChengGuan.log
09-09-ChengGuan.log
09-10-ChengGuan.log
09-11-ChengGuan.log
09-12-ChengGuan.log
09-13-ChengGuan.log
09-14-ChengGuan.log
09-15-ChengGuan.log
09-16-ChengGuan.log
09-17-ChengGuan.log
09-18-ChengGuan.log
09-19-ChengGuan.log
09-20-ChengGuan.log
09-21-ChengGuan.log
09-22-ChengGuan.log
09-23-ChengGuan.log
09-24-ChengGuan.log
09-25-ChengGuan.log
09-26-ChengGuan.log
09-27-ChengGuan.log
09-28-ChengGuan.log
09-29-ChengGuan.log
09-30-ChengGuan.log
10-01-ChengGuan.log
10-02-ChengGuan.log
10-03-ChengGuan.log
10-04-ChengGuan.log
10-05-ChengGuan.log
10-06-ChengGuan.log
10-07-ChengGuan.log
10-08-ChengGuan.log
10-09-ChengGuan.log
10-10-ChengGuan.log
10-11-ChengGuan.log
10-12-ChengGuan.log
10-13-ChengGuan.log
10-14-ChengGuan.log
10-15-ChengGuan.log
10-16-ChengGuan.log
10-17-ChengGuan.log
10-18-ChengGuan.log
10-19-ChengGuan.log
10-20-ChengGuan.log
10-21-ChengGuan.log
10-22-ChengGuan.log
10-23-ChengGuan.log
10-24-ChengGuan.log
10-25-ChengGuan.log
10-26-ChengGuan.log
10-27-ChengGuan.log
10-28-ChengGuan.log
10-29-ChengGuan.log
10-30-ChengGuan.log
10-31-ChengGuan.log
11-01-ChengGuan.log
11-02-ChengGuan.log
11-03-ChengGuan.log
11-04-ChengGuan.log
11-05-ChengGuan.log
11-06-ChengGuan.log
11-07-ChengGuan.log
11-08-ChengGuan.log
11-09-ChengGuan.log
11-10-ChengGuan.log
11-11-ChengGuan.log
11-12-ChengGuan.log
11-13-ChengGuan.log
11-14-ChengGuan.log
11-15-ChengGuan.log
11-16-ChengGuan.log
11-17-ChengGuan.log
11-18-ChengGuan.log
11-19-ChengGuan.log
11-20-ChengGuan.log
11-21-ChengGuan.log
11-22-ChengGuan.log
11-23-ChengGuan.log
11-24-ChengGuan.log
11-25-ChengGuan.log
11-26-ChengGuan.log
11-27-ChengGuan.log
11-28-ChengGuan.log
11-29-ChengGuan.log
11-30-ChengGuan.log
12-01-ChengGuan.log
12-02-ChengGuan.log
12-03-ChengGuan.log
12-04-ChengGuan.log
12-05-ChengGuan.log
12-06-ChengGuan.log
12-07-ChengGuan.log
12-08-ChengGuan.log
12-09-ChengGuan.log
12-10-ChengGuan.log
12-11-ChengGuan.log
12-12-ChengGuan.log
12-13-ChengGuan.log
12-14-ChengGuan.log
12-15-ChengGuan.log
12-16-ChengGuan.log
12-17-ChengGuan.log
12-18-ChengGuan.log
12-19-ChengGuan.log
12-20-ChengGuan.log
12-21-ChengGuan.log
12-22-ChengGuan.log
12-23-ChengGuan.log
12-24-ChengGuan.log
12-25-ChengGuan.log
12-26-ChengGuan.log
12-27-ChengGuan.log
12-28-ChengGuan.log
12-29-ChengGuan.log
12-30-ChengGuan.log
12-31-ChengGuan.log
01-01-GongAn.log
01-02-GongAn.log
01-03-GongAn.log
01-04-GongAn.log
01-05-GongAn.log
01-06-GongAn.log
01-07-GongAn.log
01-08-GongAn.log
01-09-GongAn.log
01-10-GongAn.log
01-11-GongAn.log
01-12-GongAn.log
01-13-GongAn.log
01-14-GongAn.log
01-15-GongAn.log
01-16-GongAn.log
01-17-GongAn.log
01-18-GongAn.log
01-19-GongAn.log
01-20-GongAn.log
01-21-GongAn.log
01-22-GongAn.log
01-23-GongAn.log
01-24-GongAn.log
01-25-GongAn.log
01-26-GongAn.log
01-27-GongAn.log
01-28-GongAn.log
01-29-GongAn.log
01-30-GongAn.log
01-31-GongAn.log
02-01-GongAn.log
02-02-GongAn.log
02-03-GongAn.log
02-04-GongAn.log
02-05-GongAn.log
02-06-GongAn.log
02-07-GongAn.log
02-08-GongAn.log
02-09-GongAn.log
02-10-GongAn.log
02-11-GongAn.log
02-12-GongAn.log
02-13-GongAn.log
02-14-GongAn.log
02-15-GongAn.log
02-16-GongAn.log
02-17-GongAn.log
02-18-GongAn.log
02-19-GongAn.log
02-20-GongAn.log
02-21-GongAn.log
02-22-GongAn.log
02-23-GongAn.log
02-24-GongAn.log
02-25-GongAn.log
02-26-GongAn.log
02-27-GongAn.log
02-28-GongAn.log
02-29-GongAn.log
03-01-GongAn.log
03-02-GongAn.log
03-03-GongAn.log
03-04-GongAn.log
03-05-GongAn.log
03-06-GongAn.log
03-07-GongAn.log
03-08-GongAn.log
03-09-GongAn.log
03-10-GongAn.log
03-11-GongAn.log
03-12-GongAn.log
03-13-GongAn.log
03-14-GongAn.log
03-15-GongAn.log
03-16-GongAn.log
03-17-GongAn.log
03-18-GongAn.log
03-19-GongAn.log
03-20-GongAn.log
03-21-GongAn.log
03-22-GongAn.log
03-23-GongAn.log
03-24-GongAn.log
03-25-GongAn.log
03-26-GongAn.log
03-27-GongAn.log
03-28-GongAn.log
03-29-GongAn.log
03-30-GongAn.log
03-31-GongAn.log
04-01-GongAn.log
04-02-GongAn.log
04-03-GongAn.log
04-04-GongAn.log
04-05-GongAn.log
04-06-GongAn.log
04-07-GongAn.log
04-08-GongAn.log
04-09-GongAn.log
04-10-GongAn.log
04-11-GongAn.log
04-12-GongAn.log
04-13-GongAn.log
04-14-GongAn.log
04-15-GongAn.log
04-16-GongAn.log
04-17-GongAn.log
04-18-GongAn.log
04-19-GongAn.log
04-20-GongAn.log
04-21-GongAn.log
04-22-GongAn.log
04-23-GongAn.log
04-24-GongAn.log
04-25-GongAn.log
04-26-GongAn.log
04-27-GongAn.log
04-28-GongAn.log
04-29-GongAn.log
04-30-GongAn.log
05-01-GongAn.log
05-02-GongAn.log
05-03-GongAn.log
05-04-GongAn.log
05-05-GongAn.log
05-06-GongAn.log
05-07-GongAn.log
05-08-GongAn.log
05-09-GongAn.log
05-10-GongAn.log
05-11-GongAn.log
05-12-GongAn.log
05-13-GongAn.log
05-14-GongAn.log
05-15-GongAn.log
05-16-GongAn.log
05-17-GongAn.log
05-18-GongAn.log
05-19-GongAn.log
05-20-GongAn.log
05-21-GongAn.log
05-22-GongAn.log
05-23-GongAn.log
05-24-GongAn.log
05-25-GongAn.log
05-26-GongAn.log
05-27-GongAn.log
05-28-GongAn.log
05-29-GongAn.log
05-30-GongAn.log
05-31-GongAn.log
06-01-GongAn.log
06-02-GongAn.log
06-03-GongAn.log
06-04-GongAn.log
06-05-GongAn.log
06-06-GongAn.log
06-07-GongAn.log
06-08-GongAn.log
06-09-GongAn.log
06-10-GongAn.log
06-11-GongAn.log
06-12-GongAn.log
06-13-GongAn.log
06-14-GongAn.log
06-15-GongAn.log
06-16-GongAn.log
06-17-GongAn.log
06-18-GongAn.log
06-19-GongAn.log
06-20-GongAn.log
06-21-GongAn.log
06-22-GongAn.log
06-23-GongAn.log
06-24-GongAn.log
06-25-GongAn.log
06-26-GongAn.log
06-27-GongAn.log
06-28-GongAn.log
06-29-GongAn.log
06-30-GongAn.log
07-01-GongAn.log
07-02-GongAn.log
07-03-GongAn.log
07-04-GongAn.log
07-05-GongAn.log
07-06-GongAn.log
07-07-GongAn.log
07-08-GongAn.log
07-09-GongAn.log
07-10-GongAn.log
07-11-GongAn.log
07-12-GongAn.log
07-13-GongAn.log
07-14-GongAn.log
07-15-GongAn.log
07-16-GongAn.log
07-17-GongAn.log
07-18-GongAn.log
07-19-GongAn.log
07-20-GongAn.log
07-21-GongAn.log
07-22-GongAn.log
07-23-GongAn.log
07-24-GongAn.log
07-25-GongAn.log
07-26-GongAn.log
07-27-GongAn.log
07-28-GongAn.log
07-29-GongAn.log
07-30-GongAn.log
07-31-GongAn.log
08-01-GongAn.log
08-02-GongAn.log
08-03-GongAn.log
08-04-GongAn.log
08-05-GongAn.log
08-06-GongAn.log
08-07-GongAn.log
08-08-GongAn.log
08-09-GongAn.log
08-10-GongAn.log
08-11-GongAn.log
08-12-GongAn.log
08-13-GongAn.log
08-14-GongAn.log
08-15-GongAn.log
08-16-GongAn.log
08-17-GongAn.log
08-18-GongAn.log
08-19-GongAn.log
08-20-GongAn.log
08-21-GongAn.log
08-22-GongAn.log
08-23-GongAn.log
08-24-GongAn.log
08-25-GongAn.log
08-26-GongAn.log
08-27-GongAn.log
08-28-GongAn.log
08-29-GongAn.log
08-30-GongAn.log
08-31-GongAn.log
09-01-GongAn.log
09-02-GongAn.log
09-03-GongAn.log
09-04-GongAn.log
09-05-GongAn.log
09-06-GongAn.log
09-07-GongAn.log
09-08-GongAn.log
09-09-GongAn.log
09-10-GongAn.log
09-11-GongAn.log
09-12-GongAn.log
09-13-GongAn.log
09-14-GongAn.log
09-15-GongAn.log
09-16-GongAn.log
09-17-GongAn.log
09-18-GongAn.log
09-19-GongAn.log
09-20-GongAn.log
09-21-GongAn.log
09-22-GongAn.log
09-23-GongAn.log
09-24-GongAn.log
09-25-GongAn.log
09-26-GongAn.log
09-27-GongAn.log
09-28-GongAn.log
09-29-GongAn.log
09-30-GongAn.log
10-01-GongAn.log
10-02-GongAn.log
10-03-GongAn.log
10-04-GongAn.log
10-05-GongAn.log
10-06-GongAn.log
10-07-GongAn.log
10-08-GongAn.log
10-09-GongAn.log
10-10-GongAn.log
10-11-GongAn.log
10-12-GongAn.log
10-13-GongAn.log
10-14-GongAn.log
10-15-GongAn.log
10-16-GongAn.log
10-17-GongAn.log
10-18-GongAn.log
10-19-GongAn.log
10-20-GongAn.log
10-21-GongAn.log
10-22-GongAn.log
10-23-GongAn.log
10-24-GongAn.log
10-25-GongAn.log
10-26-GongAn.log
10-27-GongAn.log
10-28-GongAn.log
10-29-GongAn.log
10-30-GongAn.log
10-31-GongAn.log
11-01-GongAn.log
11-02-GongAn.log
11-03-GongAn.log
11-04-GongAn.log
11-05-GongAn.log
11-06-GongAn.log
11-07-GongAn.log
11-08-GongAn.log
11-09-GongAn.log
11-10-GongAn.log
11-11-GongAn.log
11-12-GongAn.log
11-13-GongAn.log
11-14-GongAn.log
11-15-GongAn.log
11-16-GongAn.log
11-17-GongAn.log
11-18-GongAn.log
11-19-GongAn.log
11-20-GongAn.log
11-21-GongAn.log
11-22-GongAn.log
11-23-GongAn.log
11-24-GongAn.log
11-25-GongAn.log
11-26-GongAn.log
11-27-GongAn.log
11-28-GongAn.log
11-29-GongAn.log
11-30-GongAn.log
12-01-GongAn.log
12-02-GongAn.log
12-03-GongAn.log
12-04-GongAn.log
12-05-GongAn.log
12-06-GongAn.log
12-07-GongAn.log
12-08-GongAn.log
12-09-GongAn.log
12-10-GongAn.log
12-11-GongAn.log
12-12-GongAn.log
12-13-GongAn.log
12-14-GongAn.log
12-15-GongAn.log
12-16-GongAn.log
12-17-GongAn.log
12-18-GongAn.log
12-19-GongAn.log
12-20-GongAn.log
12-21-GongAn.log
12-22-GongAn.log
12-23-GongAn.log
12-24-GongAn.log
12-25-GongAn.log
12-26-GongAn.log
12-27-GongAn.log
12-28-GongAn.log
12-29-GongAn.log
12-30-GongAn.log
12-31-GongAn.log
01-01-JiaoTong.log
01-02-JiaoTong.log
01-03-JiaoTong.log
01-04-JiaoTong.log
01-05-JiaoTong.log
01-06-JiaoTong.log
01-07-JiaoTong.log
01-08-JiaoTong.log
01-09-JiaoTong.log
01-10-JiaoTong.log
01-11-JiaoTong.log
01-12-JiaoTong.log
01-13-JiaoTong.log
01-14-JiaoTong.log
01-15-JiaoTong.log
01-16-JiaoTong.log
01-17-JiaoTong.log
01-18-JiaoTong.log
01-19-JiaoTong.log
01-20-JiaoTong.log
01-21-JiaoTong.log
01-22-JiaoTong.log
01-23-JiaoTong.log
01-24-JiaoTong.log
01-25-JiaoTong.log
01-26-JiaoTong.log
01-27-JiaoTong.log
01-28-JiaoTong.log
01-29-JiaoTong.log
01-30-JiaoTong.log
01-31-JiaoTong.log
02-01-JiaoTong.log
02-02-JiaoTong.log
02-03-JiaoTong.log
02-04-JiaoTong.log
02-05-JiaoTong.log
02-06-JiaoTong.log
02-07-JiaoTong.log
02-08-JiaoTong.log
02-09-JiaoTong.log
02-10-JiaoTong.log
02-11-JiaoTong.log
02-12-JiaoTong.log
02-13-JiaoTong.log
02-14-JiaoTong.log
02-15-JiaoTong.log
02-16-JiaoTong.log
02-17-JiaoTong.log
02-18-JiaoTong.log
02-19-JiaoTong.log
02-20-JiaoTong.log
02-21-JiaoTong.log
02-22-JiaoTong.log
02-23-JiaoTong.log
02-24-JiaoTong.log
02-25-JiaoTong.log
02-26-JiaoTong.log
02-27-JiaoTong.log
02-28-JiaoTong.log
02-29-JiaoTong.log
03-01-JiaoTong.log
03-02-JiaoTong.log
03-03-JiaoTong.log
03-04-JiaoTong.log
03-05-JiaoTong.log
03-06-JiaoTong.log
03-07-JiaoTong.log
03-08-JiaoTong.log
03-09-JiaoTong.log
03-10-JiaoTong.log
03-11-JiaoTong.log
03-12-JiaoTong.log
03-13-JiaoTong.log
03-14-JiaoTong.log
03-15-JiaoTong.log
03-16-JiaoTong.log
03-17-JiaoTong.log
03-18-JiaoTong.log
03-19-JiaoTong.log
03-20-JiaoTong.log
03-21-JiaoTong.log
03-22-JiaoTong.log
03-23-JiaoTong.log
03-24-JiaoTong.log
03-25-JiaoTong.log
03-26-JiaoTong.log
03-27-JiaoTong.log
03-28-JiaoTong.log
03-29-JiaoTong.log
03-30-JiaoTong.log
03-31-JiaoTong.log
04-01-JiaoTong.log
04-02-JiaoTong.log
04-03-JiaoTong.log
04-04-JiaoTong.log
04-05-JiaoTong.log
04-06-JiaoTong.log
04-07-JiaoTong.log
04-08-JiaoTong.log
04-09-JiaoTong.log
04-10-JiaoTong.log
04-11-JiaoTong.log
04-12-JiaoTong.log
04-13-JiaoTong.log
04-14-JiaoTong.log
04-15-JiaoTong.log
04-16-JiaoTong.log
04-17-JiaoTong.log
04-18-JiaoTong.log
04-19-JiaoTong.log
04-20-JiaoTong.log
04-21-JiaoTong.log
04-22-JiaoTong.log
04-23-JiaoTong.log
04-24-JiaoTong.log
04-25-JiaoTong.log
04-26-JiaoTong.log
04-27-JiaoTong.log
04-28-JiaoTong.log
04-29-JiaoTong.log
04-30-JiaoTong.log
05-01-JiaoTong.log
05-02-JiaoTong.log
05-03-JiaoTong.log
05-04-JiaoTong.log
05-05-JiaoTong.log
05-06-JiaoTong.log
05-07-JiaoTong.log
05-08-JiaoTong.log
05-09-JiaoTong.log
05-10-JiaoTong.log
05-11-JiaoTong.log
05-12-JiaoTong.log
05-13-JiaoTong.log
05-14-JiaoTong.log
05-15-JiaoTong.log
05-16-JiaoTong.log
05-17-JiaoTong.log
05-18-JiaoTong.log
05-19-JiaoTong.log
05-20-JiaoTong.log
05-21-JiaoTong.log
05-22-JiaoTong.log
05-23-JiaoTong.log
05-24-JiaoTong.log
05-25-JiaoTong.log
05-26-JiaoTong.log
05-27-JiaoTong.log
05-28-JiaoTong.log
05-29-JiaoTong.log
05-30-JiaoTong.log
05-31-JiaoTong.log
06-01-JiaoTong.log
06-02-JiaoTong.log
06-03-JiaoTong.log
06-04-JiaoTong.log
06-05-JiaoTong.log
06-06-JiaoTong.log
06-07-JiaoTong.log
06-08-JiaoTong.log
06-09-JiaoTong.log
06-10-JiaoTong.log
06-11-JiaoTong.log
06-12-JiaoTong.log
06-13-JiaoTong.log
06-14-JiaoTong.log
06-15-JiaoTong.log
06-16-JiaoTong.log
06-17-JiaoTong.log
06-18-JiaoTong.log
06-19-JiaoTong.log
06-20-JiaoTong.log
06-21-JiaoTong.log
06-22-JiaoTong.log
06-23-JiaoTong.log
06-24-JiaoTong.log
06-25-JiaoTong.log
06-26-JiaoTong.log
06-27-JiaoTong.log
06-28-JiaoTong.log
06-29-JiaoTong.log
06-30-JiaoTong.log
07-01-JiaoTong.log
07-02-JiaoTong.log
07-03-JiaoTong.log
07-04-JiaoTong.log
07-05-JiaoTong.log
07-06-JiaoTong.log
07-07-JiaoTong.log
07-08-JiaoTong.log
07-09-JiaoTong.log
07-10-JiaoTong.log
07-11-JiaoTong.log
07-12-JiaoTong.log
07-13-JiaoTong.log
07-14-JiaoTong.log
07-15-JiaoTong.log
07-16-JiaoTong.log
07-17-JiaoTong.log
07-18-JiaoTong.log
07-19-JiaoTong.log
07-20-JiaoTong.log
07-21-JiaoTong.log
07-22-JiaoTong.log
07-23-JiaoTong.log
07-24-JiaoTong.log
07-25-JiaoTong.log
07-26-JiaoTong.log
07-27-JiaoTong.log
07-28-JiaoTong.log
07-29-JiaoTong.log
07-30-JiaoTong.log
07-31-JiaoTong.log
08-01-JiaoTong.log
08-02-JiaoTong.log
08-03-JiaoTong.log
08-04-JiaoTong.log
08-05-JiaoTong.log
08-06-JiaoTong.log
08-07-JiaoTong.log
08-08-JiaoTong.log
08-09-JiaoTong.log
08-10-JiaoTong.log
08-11-JiaoTong.log
08-12-JiaoTong.log
08-13-JiaoTong.log
08-14-JiaoTong.log
08-15-JiaoTong.log
08-16-JiaoTong.log
08-17-JiaoTong.log
08-18-JiaoTong.log
08-19-JiaoTong.log
08-20-JiaoTong.log
08-21-JiaoTong.log
08-22-JiaoTong.log
08-23-JiaoTong.log
08-24-JiaoTong.log
08-25-JiaoTong.log
08-26-JiaoTong.log
08-27-JiaoTong.log
08-28-JiaoTong.log
08-29-JiaoTong.log
08-30-JiaoTong.log
08-31-JiaoTong.log
09-01-JiaoTong.log
09-02-JiaoTong.log
09-03-JiaoTong.log
09-04-JiaoTong.log
09-05-JiaoTong.log
09-06-JiaoTong.log
09-07-JiaoTong.log
09-08-JiaoTong.log
09-09-JiaoTong.log
09-10-JiaoTong.log
09-11-JiaoTong.log
09-12-JiaoTong.log
09-13-JiaoTong.log
09-14-JiaoTong.log
09-15-JiaoTong.log
09-16-JiaoTong.log
09-17-JiaoTong.log
09-18-JiaoTong.log
09-19-JiaoTong.log
09-20-JiaoTong.log
09-21-JiaoTong.log
09-22-JiaoTong.log
09-23-JiaoTong.log
09-24-JiaoTong.log
09-25-JiaoTong.log
09-26-JiaoTong.log
09-27-JiaoTong.log
09-28-JiaoTong.log
09-29-JiaoTong.log
09-30-JiaoTong.log
10-01-JiaoTong.log
10-02-JiaoTong.log
10-03-JiaoTong.log
10-04-JiaoTong.log
10-05-JiaoTong.log
10-06-JiaoTong.log
10-07-JiaoTong.log
10-08-JiaoTong.log
10-09-JiaoTong.log
10-10-JiaoTong.log
10-11-JiaoTong.log
10-12-JiaoTong.log
10-13-JiaoTong.log
10-14-JiaoTong.log
10-15-JiaoTong.log
10-16-JiaoTong.log
10-17-JiaoTong.log
10-18-JiaoTong.log
10-19-JiaoTong.log
10-20-JiaoTong.log
10-21-JiaoTong.log
10-22-JiaoTong.log
10-23-JiaoTong.log
10-24-JiaoTong.log
10-25-JiaoTong.log
10-26-JiaoTong.log
10-27-JiaoTong.log
10-28-JiaoTong.log
10-29-JiaoTong.log
10-30-JiaoTong.log
10-31-JiaoTong.log
11-01-JiaoTong.log
11-02-JiaoTong.log
11-03-JiaoTong.log
11-04-JiaoTong.log
11-05-JiaoTong.log
11-06-JiaoTong.log
11-07-JiaoTong.log
11-08-JiaoTong.log
11-09-JiaoTong.log
11-10-JiaoTong.log
11-11-JiaoTong.log
11-12-JiaoTong.log
11-13-JiaoTong.log
11-14-JiaoTong.log
11-15-JiaoTong.log
11-16-JiaoTong.log
11-17-JiaoTong.log
11-18-JiaoTong.log
11-19-JiaoTong.log
11-20-JiaoTong.log
11-21-JiaoTong.log
11-22-JiaoTong.log
11-23-JiaoTong.log
11-24-JiaoTong.log
11-25-JiaoTong.log
11-26-JiaoTong.log
11-27-JiaoTong.log
11-28-JiaoTong.log
11-29-JiaoTong.log
11-30-JiaoTong.log
12-01-JiaoTong.log
12-02-JiaoTong.log
12-03-JiaoTong.log
12-04-JiaoTong.log
12-05-JiaoTong.log
12-06-JiaoTong.log
12-07-JiaoTong.log
12-08-JiaoTong.log
12-09-JiaoTong.log
12-10-JiaoTong.log
12-11-JiaoTong.log
12-12-JiaoTong.log
12-13-JiaoTong.log
12-14-JiaoTong.log
12-15-JiaoTong.log
12-16-JiaoTong.log
12-17-JiaoTong.log
12-18-JiaoTong.log
12-19-JiaoTong.log
12-20-JiaoTong.log
12-21-JiaoTong.log
12-22-JiaoTong.log
12-23-JiaoTong.log
12-24-JiaoTong.log
12-25-JiaoTong.log
12-26-JiaoTong.log
12-27-JiaoTong.log
12-28-JiaoTong.log
12-29-JiaoTong.log
12-30-JiaoTong.log
12-31-JiaoTong.log
01-01-XiaoFang.log
01-02-XiaoFang.log
01-03-XiaoFang.log
01-04-XiaoFang.log
01-05-XiaoFang.log
01-06-XiaoFang.log
01-07-XiaoFang.log
01-08-XiaoFang.log
01-09-XiaoFang.log
01-10-XiaoFang.log
01-11-XiaoFang.log
01-12-XiaoFang.log
01-13-XiaoFang.log
01-14-XiaoFang.log
01-15-XiaoFang.log
01-16-XiaoFang.log
01-17-XiaoFang.log
01-18-XiaoFang.log
01-19-XiaoFang.log
01-20-XiaoFang.log
01-21-XiaoFang.log
01-22-XiaoFang.log
01-23-XiaoFang.log
01-24-XiaoFang.log
01-25-XiaoFang.log
01-26-XiaoFang.log
01-27-XiaoFang.log
01-28-XiaoFang.log
01-29-XiaoFang.log
01-30-XiaoFang.log
01-31-XiaoFang.log
02-01-XiaoFang.log
02-02-XiaoFang.log
02-03-XiaoFang.log
02-04-XiaoFang.log
02-05-XiaoFang.log
02-06-XiaoFang.log
02-07-XiaoFang.log
02-08-XiaoFang.log
02-09-XiaoFang.log
02-10-XiaoFang.log
02-11-XiaoFang.log
02-12-XiaoFang.log
02-13-XiaoFang.log
02-14-XiaoFang.log
02-15-XiaoFang.log
02-16-XiaoFang.log
02-17-XiaoFang.log
02-18-XiaoFang.log
02-19-XiaoFang.log
02-20-XiaoFang.log
02-21-XiaoFang.log
02-22-XiaoFang.log
02-23-XiaoFang.log
02-24-XiaoFang.log
02-25-XiaoFang.log
02-26-XiaoFang.log
02-27-XiaoFang.log
02-28-XiaoFang.log
02-29-XiaoFang.log
03-01-XiaoFang.log
03-02-XiaoFang.log
03-03-XiaoFang.log
03-04-XiaoFang.log
03-05-XiaoFang.log
03-06-XiaoFang.log
03-07-XiaoFang.log
03-08-XiaoFang.log
03-09-XiaoFang.log
03-10-XiaoFang.log
03-11-XiaoFang.log
03-12-XiaoFang.log
03-13-XiaoFang.log
03-14-XiaoFang.log
03-15-XiaoFang.log
03-16-XiaoFang.log
03-17-XiaoFang.log
03-18-XiaoFang.log
03-19-XiaoFang.log
03-20-XiaoFang.log
03-21-XiaoFang.log
03-22-XiaoFang.log
03-23-XiaoFang.log
03-24-XiaoFang.log
03-25-XiaoFang.log
03-26-XiaoFang.log
03-27-XiaoFang.log
03-28-XiaoFang.log
03-29-XiaoFang.log
03-30-XiaoFang.log
03-31-XiaoFang.log
04-01-XiaoFang.log
04-02-XiaoFang.log
04-03-XiaoFang.log
04-04-XiaoFang.log
04-05-XiaoFang.log
04-06-XiaoFang.log
04-07-XiaoFang.log
04-08-XiaoFang.log
04-09-XiaoFang.log
04-10-XiaoFang.log
04-11-XiaoFang.log
04-12-XiaoFang.log
04-13-XiaoFang.log
04-14-XiaoFang.log
04-15-XiaoFang.log
04-16-XiaoFang.log
04-17-XiaoFang.log
04-18-XiaoFang.log
04-19-XiaoFang.log
04-20-XiaoFang.log
04-21-XiaoFang.log
04-22-XiaoFang.log
04-23-XiaoFang.log
04-24-XiaoFang.log
04-25-XiaoFang.log
04-26-XiaoFang.log
04-27-XiaoFang.log
04-28-XiaoFang.log
04-29-XiaoFang.log
04-30-XiaoFang.log
05-01-XiaoFang.log
05-02-XiaoFang.log
05-03-XiaoFang.log
05-04-XiaoFang.log
05-05-XiaoFang.log
05-06-XiaoFang.log
05-07-XiaoFang.log
05-08-XiaoFang.log
05-09-XiaoFang.log
05-10-XiaoFang.log
05-11-XiaoFang.log
05-12-XiaoFang.log
05-13-XiaoFang.log
05-14-XiaoFang.log
05-15-XiaoFang.log
05-16-XiaoFang.log
05-17-XiaoFang.log
05-18-XiaoFang.log
05-19-XiaoFang.log
05-20-XiaoFang.log
05-21-XiaoFang.log
05-22-XiaoFang.log
05-23-XiaoFang.log
05-24-XiaoFang.log
05-25-XiaoFang.log
05-26-XiaoFang.log
05-27-XiaoFang.log
05-28-XiaoFang.log
05-29-XiaoFang.log
05-30-XiaoFang.log
05-31-XiaoFang.log
06-01-XiaoFang.log
06-02-XiaoFang.log
06-03-XiaoFang.log
06-04-XiaoFang.log
06-05-XiaoFang.log
06-06-XiaoFang.log
06-07-XiaoFang.log
06-08-XiaoFang.log
06-09-XiaoFang.log
06-10-XiaoFang.log
06-11-XiaoFang.log
06-12-XiaoFang.log
06-13-XiaoFang.log
06-14-XiaoFang.log
06-15-XiaoFang.log
06-16-XiaoFang.log
06-17-XiaoFang.log
06-18-XiaoFang.log
06-19-XiaoFang.log
06-20-XiaoFang.log
06-21-XiaoFang.log
06-22-XiaoFang.log
06-23-XiaoFang.log
06-24-XiaoFang.log
06-25-XiaoFang.log
06-26-XiaoFang.log
06-27-XiaoFang.log
06-28-XiaoFang.log
06-29-XiaoFang.log
06-30-XiaoFang.log
07-01-XiaoFang.log
07-02-XiaoFang.log
07-03-XiaoFang.log
07-04-XiaoFang.log
07-05-XiaoFang.log
07-06-XiaoFang.log
07-07-XiaoFang.log
07-08-XiaoFang.log
07-09-XiaoFang.log
07-10-XiaoFang.log
07-11-XiaoFang.log
07-12-XiaoFang.log
07-13-XiaoFang.log
07-14-XiaoFang.log
07-15-XiaoFang.log
07-16-XiaoFang.log
07-17-XiaoFang.log
07-18-XiaoFang.log
07-19-XiaoFang.log
07-20-XiaoFang.log
07-21-XiaoFang.log
07-22-XiaoFang.log
07-23-XiaoFang.log
07-24-XiaoFang.log
07-25-XiaoFang.log
07-26-XiaoFang.log
07-27-XiaoFang.log
07-28-XiaoFang.log
07-29-XiaoFang.log
07-30-XiaoFang.log
07-31-XiaoFang.log
08-01-XiaoFang.log
08-02-XiaoFang.log
08-03-XiaoFang.log
08-04-XiaoFang.log
08-05-XiaoFang.log
08-06-XiaoFang.log
08-07-XiaoFang.log
08-08-XiaoFang.log
08-09-XiaoFang.log
08-10-XiaoFang.log
08-11-XiaoFang.log
08-12-XiaoFang.log
08-13-XiaoFang.log
08-14-XiaoFang.log
08-15-XiaoFang.log
08-16-XiaoFang.log
08-17-XiaoFang.log
08-18-XiaoFang.log
08-19-XiaoFang.log
08-20-XiaoFang.log
08-21-XiaoFang.log
08-22-XiaoFang.log
08-23-XiaoFang.log
08-24-XiaoFang.log
08-25-XiaoFang.log
08-26-XiaoFang.log
08-27-XiaoFang.log
08-28-XiaoFang.log
08-29-XiaoFang.log
08-30-XiaoFang.log
08-31-XiaoFang.log
09-01-XiaoFang.log
09-02-XiaoFang.log
09-03-XiaoFang.log
09-04-XiaoFang.log
09-05-XiaoFang.log
09-06-XiaoFang.log
09-07-XiaoFang.log
09-08-XiaoFang.log
09-09-XiaoFang.log
09-10-XiaoFang.log
09-11-XiaoFang.log
09-12-XiaoFang.log
09-13-XiaoFang.log
09-14-XiaoFang.log
09-15-XiaoFang.log
09-16-XiaoFang.log
09-17-XiaoFang.log
09-18-XiaoFang.log
09-19-XiaoFang.log
09-20-XiaoFang.log
09-21-XiaoFang.log
09-22-XiaoFang.log
09-23-XiaoFang.log
09-24-XiaoFang.log
09-25-XiaoFang.log
09-26-XiaoFang.log
09-27-XiaoFang.log
09-28-XiaoFang.log
09-29-XiaoFang.log
09-30-XiaoFang.log
10-01-XiaoFang.log
10-02-XiaoFang.log
10-03-XiaoFang.log
10-04-XiaoFang.log
10-05-XiaoFang.log
10-06-XiaoFang.log
10-07-XiaoFang.log
10-08-XiaoFang.log
10-09-XiaoFang.log
10-10-XiaoFang.log
10-11-XiaoFang.log
10-12-XiaoFang.log
10-13-XiaoFang.log
10-14-XiaoFang.log
10-15-XiaoFang.log
10-16-XiaoFang.log
10-17-XiaoFang.log
10-18-XiaoFang.log
10-19-XiaoFang.log
10-20-XiaoFang.log
10-21-XiaoFang.log
10-22-XiaoFang.log
10-23-XiaoFang.log
10-24-XiaoFang.log
10-25-XiaoFang.log
10-26-XiaoFang.log
10-27-XiaoFang.log
10-28-XiaoFang.log
10-29-XiaoFang.log
10-30-XiaoFang.log
10-31-XiaoFang.log
11-01-XiaoFang.log
11-02-XiaoFang.log
11-03-XiaoFang.log
11-04-XiaoFang.log
11-05-XiaoFang.log
11-06-XiaoFang.log
11-07-XiaoFang.log
11-08-XiaoFang.log
11-09-XiaoFang.log
11-10-XiaoFang.log
11-11-XiaoFang.log
11-12-XiaoFang.log
11-13-XiaoFang.log
11-14-XiaoFang.log
11-15-XiaoFang.log
11-16-XiaoFang.log
11-17-XiaoFang.log
11-18-XiaoFang.log
11-19-XiaoFang.log
11-20-XiaoFang.log
11-21-XiaoFang.log
11-22-XiaoFang.log
11-23-XiaoFang.log
11-24-XiaoFang.log
11-25-XiaoFang.log
11-26-XiaoFang.log
11-27-XiaoFang.log
11-28-XiaoFang.log
11-29-XiaoFang.log
11-30-XiaoFang.log
12-01-XiaoFang.log
12-02-XiaoFang.log
12-03-XiaoFang.log
12-04-XiaoFang.log
12-05-XiaoFang.log
12-06-XiaoFang.log
12-07-XiaoFang.log
12-08-XiaoFang.log
12-09-XiaoFang.log
12-10-XiaoFang.log
12-11-XiaoFang.log
12-12-XiaoFang.log
12-13-XiaoFang.log
12-14-XiaoFang.log
12-15-XiaoFang.log
12-16-XiaoFang.log
12-17-XiaoFang.log
12-18-XiaoFang.log
12-19-XiaoFang.log
12-20-XiaoFang.log
12-21-XiaoFang.log
12-22-XiaoFang.log
12-23-XiaoFang.log
12-24-XiaoFang.log
12-25-XiaoFang.log
12-26-XiaoFang.log
12-27-XiaoFang.log
12-28-XiaoFang.log
12-29-XiaoFang.log
12-30-XiaoFang.log
12-31-XiaoFang.log
